
> admin-app@0.1.0 start
> react-scripts start

(node:5957) [DEP_WEBPACK_DEV_SERVER_ON_AFTER_SETUP_MIDDLEWARE] DeprecationWarning: 'onAfterSetupMiddleware' option is deprecated. Please use the 'setupMiddlewares' option.
(Use `node --trace-deprecation ...` to show where the warning was created)
(node:5957) [DEP_WEBPACK_DEV_SERVER_ON_BEFORE_SETUP_MIDDLEWARE] DeprecationWarning: 'onBeforeSetupMiddleware' option is deprecated. Please use the 'setupMiddlewares' option.
Starting the development server...

Failed to compile.

Module not found: Error: Can't resolve '../services/categoryService' in '/app/admin-app/src/components'
ERROR in ./src/components/CategoryList.js 7:0-76
Module not found: Error: Can't resolve '../services/categoryService' in '/app/admin-app/src/components'

ERROR in ./src/components/CustomerList.js 7:0-75
Module not found: Error: Can't resolve '../services/customerService' in '/app/admin-app/src/components'

ERROR in ./src/components/OrderList.js 7:0-66
Module not found: Error: Can't resolve '../services/orderService' in '/app/admin-app/src/components'

ERROR in ./src/components/ProductImageManager.js 22:12-31
export 'uploadProductImages' (imported as 'uploadProductImages') was not found in '../services/productService' (possible exports: getProduct, getProducts)

ERROR in ./src/components/ProductList.js 18:25-41
export 'getAdminProducts' (imported as 'getAdminProducts') was not found in '../services/productService' (possible exports: getProduct, getProducts)

ERROR in ./src/components/ProductList.js 26:12-25
export 'deleteProduct' (imported as 'deleteProduct') was not found in '../services/productService' (possible exports: getProduct, getProducts)

ERROR in ./src/pages/CustomerEdit.js 7:0-90
Module not found: Error: Can't resolve '../services/customerService' in '/app/admin-app/src/pages'

ERROR in ./src/pages/OrderEdit.js 7:0-78
Module not found: Error: Can't resolve '../services/orderService' in '/app/admin-app/src/pages'

ERROR in ./src/pages/ProductEdit.js 65:12-25
export 'updateProduct' (imported as 'updateProduct') was not found in '../services/productService' (possible exports: getProduct, getProducts)

ERROR in ./src/pages/ProductEdit.js 67:12-25
export 'createProduct' (imported as 'createProduct') was not found in '../services/productService' (possible exports: getProduct, getProducts)

ERROR in ./src/pages/ProductEdit.js 73:12-25
export 'updateProduct' (imported as 'updateProduct') was not found in '../services/productService' (possible exports: getProduct, getProducts)

ERROR in ./src/pages/ProductEdit.js 75:31-44
export 'createProduct' (imported as 'createProduct') was not found in '../services/productService' (possible exports: getProduct, getProducts)

webpack compiled with 12 errors
Compiling...
Failed to compile.

Module not found: Error: Can't resolve '../services/customerService' in '/app/admin-app/src/components'
ERROR in ./src/components/CustomerList.js 7:0-75
Module not found: Error: Can't resolve '../services/customerService' in '/app/admin-app/src/components'

ERROR in ./src/components/OrderList.js 7:0-66
Module not found: Error: Can't resolve '../services/orderService' in '/app/admin-app/src/components'

ERROR in ./src/components/ProductImageManager.js 22:12-31
export 'uploadProductImages' (imported as 'uploadProductImages') was not found in '../services/productService' (possible exports: getProduct, getProducts)

ERROR in ./src/components/ProductList.js 18:25-41
export 'getAdminProducts' (imported as 'getAdminProducts') was not found in '../services/productService' (possible exports: getProduct, getProducts)

ERROR in ./src/components/ProductList.js 26:12-25
export 'deleteProduct' (imported as 'deleteProduct') was not found in '../services/productService' (possible exports: getProduct, getProducts)

ERROR in ./src/pages/CustomerEdit.js 7:0-90
Module not found: Error: Can't resolve '../services/customerService' in '/app/admin-app/src/pages'

ERROR in ./src/pages/OrderEdit.js 7:0-78
Module not found: Error: Can't resolve '../services/orderService' in '/app/admin-app/src/pages'

ERROR in ./src/pages/ProductEdit.js 65:12-25
export 'updateProduct' (imported as 'updateProduct') was not found in '../services/productService' (possible exports: getProduct, getProducts)

ERROR in ./src/pages/ProductEdit.js 67:12-25
export 'createProduct' (imported as 'createProduct') was not found in '../services/productService' (possible exports: getProduct, getProducts)

ERROR in ./src/pages/ProductEdit.js 73:12-25
export 'updateProduct' (imported as 'updateProduct') was not found in '../services/productService' (possible exports: getProduct, getProducts)

ERROR in ./src/pages/ProductEdit.js 75:31-44
export 'createProduct' (imported as 'createProduct') was not found in '../services/productService' (possible exports: getProduct, getProducts)

webpack compiled with 11 errors
Compiling...
Failed to compile.

Module not found: Error: Can't resolve '../services/customerService' in '/app/admin-app/src/components'
ERROR in ./src/components/CustomerList.js 7:0-75
Module not found: Error: Can't resolve '../services/customerService' in '/app/admin-app/src/components'

ERROR in ./src/components/OrderList.js 7:0-66
Module not found: Error: Can't resolve '../services/orderService' in '/app/admin-app/src/components'

ERROR in ./src/components/ProductImageManager.js 22:12-31
export 'uploadProductImages' (imported as 'uploadProductImages') was not found in '../services/productService' (possible exports: getProduct, getProducts)

ERROR in ./src/components/ProductList.js 18:25-41
export 'getAdminProducts' (imported as 'getAdminProducts') was not found in '../services/productService' (possible exports: getProduct, getProducts)

ERROR in ./src/components/ProductList.js 26:12-25
export 'deleteProduct' (imported as 'deleteProduct') was not found in '../services/productService' (possible exports: getProduct, getProducts)

ERROR in ./src/pages/OrderEdit.js 7:0-78
Module not found: Error: Can't resolve '../services/orderService' in '/app/admin-app/src/pages'

ERROR in ./src/pages/ProductEdit.js 65:12-25
export 'updateProduct' (imported as 'updateProduct') was not found in '../services/productService' (possible exports: getProduct, getProducts)

ERROR in ./src/pages/ProductEdit.js 67:12-25
export 'createProduct' (imported as 'createProduct') was not found in '../services/productService' (possible exports: getProduct, getProducts)

ERROR in ./src/pages/ProductEdit.js 73:12-25
export 'updateProduct' (imported as 'updateProduct') was not found in '../services/productService' (possible exports: getProduct, getProducts)

ERROR in ./src/pages/ProductEdit.js 75:31-44
export 'createProduct' (imported as 'createProduct') was not found in '../services/productService' (possible exports: getProduct, getProducts)

webpack compiled with 10 errors
