
> shop@0.1.0 start
> react-scripts start

(node:4147) [DEP_WEBPACK_DEV_SERVER_ON_AFTER_SETUP_MIDDLEWARE] DeprecationWarning: 'onAfterSetupMiddleware' option is deprecated. Please use the 'setupMiddlewares' option.
(Use `node --trace-deprecation ...` to show where the warning was created)
(node:4147) [DEP_WEBPACK_DEV_SERVER_ON_BEFORE_SETUP_MIDDLEWARE] DeprecationWarning: 'onBeforeSetupMiddleware' option is deprecated. Please use the 'setupMiddlewares' option.
Starting the development server...

Compiled successfully!

You can now view shop in the browser.

  Local:            http://localhost:3000
  On Your Network:  http://192.168.0.2:3000

Note that the development build is not optimized.
To create a production build, use npm run build.

webpack compiled successfully
(node:4147) [DEP0060] DeprecationWarning: The `util._extend` API is deprecated. Please use Object.assign() instead.
Proxy error: Could not proxy request /api/blogs from localhost:3000 to http://localhost:8080.
See https://nodejs.org/api/errors.html#errors_common_system_errors for more information (ECONNREFUSED).

Proxy error: Could not proxy request /api/customer/context from localhost:3000 to http://localhost:8080.
See https://nodejs.org/api/errors.html#errors_common_system_errors for more information (ECONNREFUSED).

Compiling...
Compiled with warnings.

[eslint]
src/components/ProductCard.js
  Line 16:43:  Expected '===' and instead saw '=='  eqeqeq
  Line 17:29:  Expected '===' and instead saw '=='  eqeqeq

Search for the keywords to learn more about each warning.
To ignore, add // eslint-disable-next-line to the line before.

WARNING in [eslint]
src/components/ProductCard.js
  Line 16:43:  Expected '===' and instead saw '=='  eqeqeq
  Line 17:29:  Expected '===' and instead saw '=='  eqeqeq

webpack compiled with 1 warning
Proxy error: Could not proxy request /api/blogs from localhost:3000 to http://localhost:8080.
See https://nodejs.org/api/errors.html#errors_common_system_errors for more information (ECONNREFUSED).

Proxy error: Could not proxy request /api/customer/context from localhost:3000 to http://localhost:8080.
See https://nodejs.org/api/errors.html#errors_common_system_errors for more information (ECONNREFUSED).
