
> shop@0.1.0 start
> cross-env PORT=3001 react-scripts start

(node:2375) [DEP_WEBPACK_DEV_SERVER_ON_AFTER_SETUP_MIDDLEWARE] DeprecationWarning: 'onAfterSetupMiddleware' option is deprecated. Please use the 'setupMiddlewares' option.
(Use `node --trace-deprecation ...` to show where the warning was created)
(node:2375) [DEP_WEBPACK_DEV_SERVER_ON_BEFORE_SETUP_MIDDLEWARE] DeprecationWarning: 'onBeforeSetupMiddleware' option is deprecated. Please use the 'setupMiddlewares' option.
Starting the development server...

Compiled with warnings.

[eslint]
src/components/BlogSlider.js
  Line 31:9:  'goToSlide' is assigned a value but never used  no-unused-vars

src/components/ProductCard.js
  Line 29:43:  Expected '===' and instead saw '=='  eqeqeq
  Line 30:29:  Expected '===' and instead saw '=='  eqeqeq

src/pages/BlogDetail.js
  Line 39:6:  React Hook useEffect has a missing dependency: 'setBreadcrumbs'. Either include it or remove the dependency array  react-hooks/exhaustive-deps

src/pages/BrandReviews.js
  Line 45:6:  React Hook React.useCallback has a missing dependency: 'brandIds'. Either include it or remove the dependency array  react-hooks/exhaustive-deps

src/pages/Checkout.js
  Line 249:27:  React Hook useCallback received a function whose dependencies are unknown. Pass an inline function instead                react-hooks/exhaustive-deps
  Line 296:6:   React Hook useEffect has missing dependencies: 'carriers' and 'cart'. Either include them or remove the dependency array  react-hooks/exhaustive-deps

src/pages/Home.js
  Line 9:10:   'products' is assigned a value but never used          no-unused-vars
  Line 13:10:  'totalPages' is assigned a value but never used        no-unused-vars
  Line 15:10:  'loading' is assigned a value but never used           no-unused-vars
  Line 47:9:   'handleSortChange' is assigned a value but never used  no-unused-vars
  Line 51:9:   'handleSizeChange' is assigned a value but never used  no-unused-vars

src/pages/OrderConfirmation.js
  Line 16:9:  'location' is assigned a value but never used                                                              no-unused-vars
  Line 78:6:  React Hook useEffect has a missing dependency: 'isPaid'. Either include it or remove the dependency array  react-hooks/exhaustive-deps

src/pages/ProductDetail.js
  Line 417:6:  React Hook useEffect has a missing dependency: 'setBreadcrumbs'. Either include it or remove the dependency array  react-hooks/exhaustive-deps

src/pages/PublicPage.js
  Line 38:6:  React Hook useEffect has a missing dependency: 'setBreadcrumbs'. Either include it or remove the dependency array  react-hooks/exhaustive-deps

src/services/authService.js
  Line 1:7:  'API_URL' is assigned a value but never used  no-unused-vars

Search for the keywords to learn more about each warning.
To ignore, add // eslint-disable-next-line to the line before.

WARNING in [eslint]
src/components/BlogSlider.js
  Line 31:9:  'goToSlide' is assigned a value but never used  no-unused-vars

src/components/ProductCard.js
  Line 29:43:  Expected '===' and instead saw '=='  eqeqeq
  Line 30:29:  Expected '===' and instead saw '=='  eqeqeq

src/pages/BlogDetail.js
  Line 39:6:  React Hook useEffect has a missing dependency: 'setBreadcrumbs'. Either include it or remove the dependency array  react-hooks/exhaustive-deps

src/pages/BrandReviews.js
  Line 45:6:  React Hook React.useCallback has a missing dependency: 'brandIds'. Either include it or remove the dependency array  react-hooks/exhaustive-deps

src/pages/Checkout.js
  Line 249:27:  React Hook useCallback received a function whose dependencies are unknown. Pass an inline function instead                react-hooks/exhaustive-deps
  Line 296:6:   React Hook useEffect has missing dependencies: 'carriers' and 'cart'. Either include them or remove the dependency array  react-hooks/exhaustive-deps

src/pages/Home.js
  Line 9:10:   'products' is assigned a value but never used          no-unused-vars
  Line 13:10:  'totalPages' is assigned a value but never used        no-unused-vars
  Line 15:10:  'loading' is assigned a value but never used           no-unused-vars
  Line 47:9:   'handleSortChange' is assigned a value but never used  no-unused-vars
  Line 51:9:   'handleSizeChange' is assigned a value but never used  no-unused-vars

src/pages/OrderConfirmation.js
  Line 16:9:  'location' is assigned a value but never used                                                              no-unused-vars
  Line 78:6:  React Hook useEffect has a missing dependency: 'isPaid'. Either include it or remove the dependency array  react-hooks/exhaustive-deps

src/pages/ProductDetail.js
  Line 417:6:  React Hook useEffect has a missing dependency: 'setBreadcrumbs'. Either include it or remove the dependency array  react-hooks/exhaustive-deps

src/pages/PublicPage.js
  Line 38:6:  React Hook useEffect has a missing dependency: 'setBreadcrumbs'. Either include it or remove the dependency array  react-hooks/exhaustive-deps

src/services/authService.js
  Line 1:7:  'API_URL' is assigned a value but never used  no-unused-vars

webpack compiled with 1 warning
(node:2375) [DEP0060] DeprecationWarning: The `util._extend` API is deprecated. Please use Object.assign() instead.
Proxy error: Could not proxy request /najlepsia-farba-na-vlasy-bez-amoniaku from localhost:3001 to http://localhost:8080.
See https://nodejs.org/api/errors.html#errors_common_system_errors for more information (ECONNREFUSED).

Proxy error: Could not proxy request /api/categories from localhost:3001 to http://localhost:8080.
See https://nodejs.org/api/errors.html#errors_common_system_errors for more information (ECONNREFUSED).

Proxy error: Could not proxy request /api/blogs from localhost:3001 to http://localhost:8080.
See https://nodejs.org/api/errors.html#errors_common_system_errors for more information (ECONNREFUSED).

Proxy error: Could not proxy request /api/customer/context from localhost:3001 to http://localhost:8080.
See https://nodejs.org/api/errors.html#errors_common_system_errors for more information (ECONNREFUSED).
